<?xml version="1.0" encoding="UTF-8"?>
<testng-results skipped="0" failed="0" total="3" passed="3">
  <reporter-output>
  </reporter-output>
  <suite name="Default suite" duration-ms="90" started-at="2017-09-10T23:27:45Z" finished-at="2017-09-10T23:27:45Z">
    <groups>
    </groups>
    <test name="Default test" duration-ms="90" started-at="2017-09-10T23:27:45Z" finished-at="2017-09-10T23:27:45Z">
      <class name="com.challenge.Survey.SourceUtilTest">
        <test-method status="PASS" signature="setup()[pri:0, instance:com.challenge.Survey.SourceUtilTest@36f6e879]" name="setup" is-config="true" duration-ms="17" started-at="2017-09-10T23:27:45Z" finished-at="2017-09-10T23:27:45Z">
        </test-method>
        <test-method status="PASS" signature="testAvgRatingQuestion()[pri:0, instance:com.challenge.Survey.SourceUtilTest@36f6e879]" name="testAvgRatingQuestion" duration-ms="48" started-at="2017-09-10T23:27:45Z" finished-at="2017-09-10T23:27:45Z">
        </test-method>
        <test-method status="PASS" signature="testParticipationPercentage()[pri:0, instance:com.challenge.Survey.SourceUtilTest@36f6e879]" name="testParticipationPercentage" duration-ms="8" started-at="2017-09-10T23:27:45Z" finished-at="2017-09-10T23:27:45Z">
        </test-method>
        <test-method status="PASS" signature="setup()[pri:0, instance:com.challenge.Survey.SourceUtilTest@36f6e879]" name="setup" is-config="true" duration-ms="0" started-at="2017-09-10T23:27:45Z" finished-at="2017-09-10T23:27:45Z">
        </test-method>
        <test-method status="PASS" signature="testReadCSV()[pri:0, instance:com.challenge.Survey.SourceUtilTest@36f6e879]" name="testReadCSV" duration-ms="0" started-at="2017-09-10T23:27:45Z" finished-at="2017-09-10T23:27:45Z">
        </test-method>
        <test-method status="PASS" signature="setup()[pri:0, instance:com.challenge.Survey.SourceUtilTest@36f6e879]" name="setup" is-config="true" duration-ms="0" started-at="2017-09-10T23:27:45Z" finished-at="2017-09-10T23:27:45Z">
        </test-method>
      </class>
    </test>
  </suite>
</testng-results>
