<?xml version="1.0" encoding="UTF-8"?>
<testng-results skipped="0" failed="0" total="3" passed="3">
  <reporter-output>
  </reporter-output>
  <suite name="Default suite" duration-ms="136" started-at="2017-09-06T20:28:16Z" finished-at="2017-09-06T20:28:16Z">
    <groups>
    </groups>
    <test name="Default test" duration-ms="136" started-at="2017-09-06T20:28:16Z" finished-at="2017-09-06T20:28:16Z">
      <class name="com.challenge.Survey.SourceUtilTest">
        <test-method status="PASS" signature="setup()[pri:0, instance:com.challenge.Survey.SourceUtilTest@15ac59c2]" name="setup" is-config="true" duration-ms="10" started-at="2017-09-06T20:28:16Z" finished-at="2017-09-06T20:28:16Z">
        </test-method>
        <test-method status="PASS" signature="testAvgRatingQuestion()[pri:0, instance:com.challenge.Survey.SourceUtilTest@15ac59c2]" name="testAvgRatingQuestion" duration-ms="30" started-at="2017-09-06T20:28:16Z" finished-at="2017-09-06T20:28:16Z">
        </test-method>
        <test-method status="PASS" signature="testParticipationPercentage()[pri:0, instance:com.challenge.Survey.SourceUtilTest@15ac59c2]" name="testParticipationPercentage" duration-ms="69" started-at="2017-09-06T20:28:16Z" finished-at="2017-09-06T20:28:16Z">
        </test-method>
        <test-method status="PASS" signature="setup()[pri:0, instance:com.challenge.Survey.SourceUtilTest@15ac59c2]" name="setup" is-config="true" duration-ms="0" started-at="2017-09-06T20:28:16Z" finished-at="2017-09-06T20:28:16Z">
        </test-method>
        <test-method status="PASS" signature="testReadCSV()[pri:0, instance:com.challenge.Survey.SourceUtilTest@15ac59c2]" name="testReadCSV" duration-ms="0" started-at="2017-09-06T20:28:16Z" finished-at="2017-09-06T20:28:16Z">
        </test-method>
        <test-method status="PASS" signature="setup()[pri:0, instance:com.challenge.Survey.SourceUtilTest@15ac59c2]" name="setup" is-config="true" duration-ms="0" started-at="2017-09-06T20:28:16Z" finished-at="2017-09-06T20:28:16Z">
        </test-method>
      </class>
    </test>
  </suite>
</testng-results>
