<?xml version="1.0" encoding="UTF-8"?>
<!-- Generated by org.testng.reporters.JUnitXMLReporter -->
<testsuite hostname="anand3825" name="Default test" tests="3" failures="0" timestamp="10 Sep 2017 17:57:45 GMT" time="0.09" errors="0">
  <testcase name="testAvgRatingQuestion" time="0.048" classname="com.challenge.Survey.SourceUtilTest"/>
  <testcase name="testParticipationPercentage" time="0.008" classname="com.challenge.Survey.SourceUtilTest"/>
  <testcase name="testReadCSV" time="0.0" classname="com.challenge.Survey.SourceUtilTest"/>
</testsuite>
