<?xml version="1.0" encoding="UTF-8"?>
<!-- Generated by org.testng.reporters.JUnitXMLReporter -->
<testsuite hostname="anand3825" name="Command line test" tests="3" failures="0" timestamp="12 Sep 2017 20:17:00 GMT" time="0.097" errors="0">
  <testcase name="testAvgRatingQuestion" time="0.059" classname="com.challenge.Survey.SourceUtilTest"/>
  <testcase name="testParticipationPercentage" time="0.005" classname="com.challenge.Survey.SourceUtilTest"/>
  <testcase name="testReadCSV" time="0.0" classname="com.challenge.Survey.SourceUtilTest"/>
</testsuite>
